<?xml version="1.0" encoding="UTF-8"?>
<testsuite xmlns:xsi="http://www.w3.org/2001/XMLSchema-instance" xsi:noNamespaceSchemaLocation="https://maven.apache.org/surefire/maven-surefire-plugin/xsd/surefire-test-report-3.0.xsd" version="3.0" name="br.ce.wcaquino.tasks.functional.TaskTest" time="3.958" tests="4" errors="0" skipped="0" failures="0">
  <properties>
[...]
</properties>
  <testcase name="blankTaskField" classname="br.ce.wcaquino.tasks.functional.TaskTest" time="1.447">
    <system-err><![CDATA[Jan 24, 2024 4:22:40 AM org.openqa.selenium.remote.tracing.opentelemetry.OpenTelemetryTracer createTracer
INFO: Using OpenTelemetry for tracing
]]></system-err>
  </testcase>
  <testcase name="dateFieldIncorrect" classname="br.ce.wcaquino.tasks.functional.TaskTest" time="0.85"/>
  <testcase name="saveTaskSuccesful" classname="br.ce.wcaquino.tasks.functional.TaskTest" time="0.849"/>
  <testcase name="blankDateField" classname="br.ce.wcaquino.tasks.functional.TaskTest" time="0.791"/>
</testsuite>